SGP4 Version 2011-12-30
input type of run c, v, m 

 5
 4632
 6251
 8195
 9880
 9998
 11801
 14128
 16925
 20413
 21897
 22312
# *** error: t:= 490.000000 *** code =   1
 22674
 23177
 23333
# *** error: t:= -20.000000 *** code =   6
 23599
 24208
 25954
 26900
 26975
 28057
 28129
 28350
 28623
 28626
 28872
# *** error: t:= -1360.000000 *** code =   6
 29141
# *** error: t:= -1440.000000 *** code =   6
 29238
 88888
 33333
# *** error: t:= -1440.000000 *** code =   4
 33334
 33335
 20413
