SGP4 Version 2011-12-30
input operation mode a, i 

input type of run c, v, m 

Run time 1124ms

 5
 4632
 6251
 8195
 9880
 9998
 11801
 14128
 16925
 20413
 21897
 22312
# *** error: t:= -9020.000000 *** code =   6
 22674
 23177
 23333
# *** error: t:= -20.000000 *** code =   6
 23599
 24208
 25954
 26900
 26975
 28057
 28129
 28350
# *** error: t:= 1480.000000 *** code =   1
 28623
 28626
 28872
# *** error: t:= -10070.000000 *** code =   6
 29141
# *** error: t:= -1840.000000 *** code =   6
 29238
 88888
 33333
# *** error: t:= -10080.000000 *** code =   4
 33334
 33335
 20413
